<?xml version="1.0" encoding="UTF-8"?>
<!-- Generated by org.testng.reporters.JUnitXMLReporter -->
<testsuite ignored="0" hostname="DESKTOP-PBIIE30" failures="0" tests="3" name="Default test" time="178.357" errors="0" timestamp="2021-10-14T13:40:08 IST">
  <testcase classname="rediffPOMTest.MyPorfolioTest" name="addPortfolioTest" time="49.789"/>
  <testcase classname="rediffPOMTest.MyPorfolioTest" name="deletePortfolio" time="64.437"/>
  <testcase classname="rediffPOMTest.MyPorfolioTest" name="openPorfolio" time="64.054"/>
</testsuite> <!-- Default test -->
